#-----------------------------------------------------------
# Vivado v2020.2 (64-bit)
# SW Build 3064766 on Wed Nov 18 09:12:45 MST 2020
# IP Build 3064653 on Wed Nov 18 14:17:31 MST 2020
# Start of session at: Wed Nov 16 10:34:44 2022
# Process ID: 12144
# Current directory: H:/My Drive/EPFL/Bachelor Semester 5/Digital systems design/Shared with Simon/digital-systems-design/lab04
# Command line: vivado.exe -gui_launcher_event rodinguilauncherevent8768 H:\My Drive\EPFL\Bachelor Semester 5\Digital systems design\Shared with Simon\digital-systems-design\lab04\project_1.xpr
# Log file: H:/My Drive/EPFL/Bachelor Semester 5/Digital systems design/Shared with Simon/digital-systems-design/lab04/vivado.log
# Journal file: H:/My Drive/EPFL/Bachelor Semester 5/Digital systems design/Shared with Simon/digital-systems-design/lab04\vivado.jou
#-----------------------------------------------------------
start_gui
open_project {H:/My Drive/EPFL/Bachelor Semester 5/Digital systems design/Shared with Simon/digital-systems-design/lab04/project_1.xpr}
INFO: [ProjectBase 1-489] The host OS only allows 260 characters in a normal path. The project is stored in a path with more than 80 characters. If you experience issues with IP, Block Designs, or files not being found, please consider moving the project to a location with a shorter path. Alternately consider using the OS subst command to map part of the path to a drive letter.
Current project path is 'H:/My Drive/EPFL/Bachelor Semester 5/Digital systems design/Shared with Simon/digital-systems-design/lab04'
INFO: [Project 1-313] Project file moved from 'C:/Users/thuer/Documents/School/2_EPFL5/digital_systems_design/digital-systems-design/lab04' since last save.
WARNING: [filemgmt 56-2] Default IP Output Path : Could not find the directory 'H:/My Drive/EPFL/Bachelor Semester 5/Digital systems design/Shared with Simon/digital-systems-design/lab04/project_1.gen/sources_1', nor could it be found using path 'C:/Users/thuer/Documents/School/2_EPFL5/digital_systems_design/digital-systems-design/lab04/project_1.gen/sources_1'.
WARNING: [filemgmt 56-2] IPUserFilesDir: Could not find the directory 'H:/My Drive/EPFL/Bachelor Semester 5/Digital systems design/Shared with Simon/digital-systems-design/lab04/project_1.ip_user_files', nor could it be found using path 'C:/Users/thuer/Documents/School/2_EPFL5/digital_systems_design/digital-systems-design/lab04/project_1.ip_user_files'.
Scanning sources...
Finished scanning sources
INFO: [IP_Flow 19-234] Refreshing IP repositories
INFO: [IP_Flow 19-1704] No user IP repositories specified
INFO: [IP_Flow 19-2313] Loaded Vivado IP repository 'C:/Xilinx/Vivado/2020.2/data/ip'.
open_project: Time (s): cpu = 00:00:18 ; elapsed = 00:00:11 . Memory (MB): peak = 981.387 ; gain = 0.000
update_compile_order -fileset sources_1
exit
INFO: [Common 17-206] Exiting Vivado at Wed Nov 16 10:47:08 2022...
